#
# A fatal error has been detected by the Java Runtime Environment:
#
#  SIGSEGV (0xb) at pc=0x00007fff8da970d7, pid=63698, tid=52487
#
# JRE version: Java(TM) SE Runtime Environment (7.0_51-b13) (build 1.7.0_51-b13)
# Java VM: Java HotSpot(TM) 64-Bit Server VM (24.51-b03 mixed mode bsd-amd64 compressed oops)
# Problematic frame:
# C  [libobjc.A.dylib+0x10d7]  objc_msgSend+0x17
#
# Failed to write core dump. Core dumps have been disabled. To enable core dumping, try "ulimit -c unlimited" before starting Java again
#
# If you would like to submit a bug report, please visit:
#   http://bugreport.sun.com/bugreport/crash.jsp
# The crash happened outside the Java Virtual Machine in native code.
# See problematic frame for where to report the bug.
#

---------------  T H R E A D  ---------------

Current thread (0x00007f8fa4084800):  JavaThread "Java2D Queue Flusher" daemon [_thread_in_native, id=52487, stack(0x0000000125b6b000,0x0000000125c6b000)]

siginfo:si_signo=SIGSEGV: si_errno=0, si_code=0 (SEGV0), si_addr=0x0000000000000000

Registers:
RAX=0x00007f8fa531e000, RBX=0x00007f8fa40849e8, RCX=0x00007f8fa531e080, RDX=0x00000001211bd438
RSP=0x0000000125c6a818, RBP=0x0000000125c6a840, RSI=0x00007fff8f1b1020, RDI=0x9000000000000000
R8 =0x0000000000000001, R9 =0x0000000000000060, R10=0x000000010fb9866c, R11=0x00007ffffffffff8
R12=0x00007f8fa531e078, R13=0x00000006fb39d250, R14=0x00007f8fa621a5d0, R15=0x00007f8fa621a3a0
RIP=0x00007fff8da970d7, EFLAGS=0x0000000000010246, ERR=0x0000000000000000
  TRAPNO=0x000000000000000d

Top of Stack: (sp=0x0000000125c6a818)
0x0000000125c6a818:   00000001211c74dd 00007f8fa621a730
0x0000000125c6a828:   0000000000000000 00007f8fa40baa10
0x0000000125c6a838:   00007f8fa4084800 0000000125c6a8c0
0x0000000125c6a848:   00000001211bcf16 0000000025c6a968
0x0000000125c6a858:   0000000125c6a858 0000000000000000
0x0000000125c6a868:   0000000125c6a8e0 0000000125c6a890
0x0000000125c6a878:   0000000000000064 00007f8fa40c3e08
0x0000000125c6a888:   00007f8fa40baa20 00007f8f00084800
0x0000000125c6a898:   00007f8fa40849e8 00000006fb39d250
0x0000000125c6a8a8:   0000000000000000 0000000125c6a968
0x0000000125c6a8b8:   00007f8fa4084800 0000000125c6a930
0x0000000125c6a8c8:   000000010fb98698 0000000125c6a930
0x0000000125c6a8d8:   000000010f32af41 0000000100000005
0x0000000125c6a8e8:   00007f8fa4084800 0000000125c6a8f0
0x0000000125c6a8f8:   0000000000000000 0000000125c6a968
0x0000000125c6a908:   00000006fb39ea28 0000000000000000
0x0000000125c6a918:   00000006fb39d250 0000000000000000
0x0000000125c6a928:   0000000125c6a950 0000000125c6a9b0
0x0000000125c6a938:   000000010fb8c058 0000000000000000
0x0000000125c6a948:   000000010fb94cd8 0000000000000020
0x0000000125c6a958:   00007f8fa40baa00 0000000700734220
0x0000000125c6a968:   0000000700734208 0000000125c6a970
0x0000000125c6a978:   00000006fb39d335 0000000125c6a9c8
0x0000000125c6a988:   00000006fb39ea28 0000000000000000
0x0000000125c6a998:   00000006fb39d358 0000000125c6a950
0x0000000125c6a9a8:   0000000125c6a9d0 0000000000000000
0x0000000125c6a9b8:   000000010fc0086c 0000000000000020
0x0000000125c6a9c8:   0000000700734208 00000007007342f0
0x0000000125c6a9d8:   00000007007342f0 0000000600000000
0x0000000125c6a9e8:   00000007007342f0 0000000000000000
0x0000000125c6a9f8:   0000000125c6aa28 0000000000000001
0x0000000125c6aa08:   000000010fb864e7 0000000125c6aa90 

Instructions: (pc=0x00007fff8da970d7)
0x00007fff8da970b7:   00 0f 1f 84 00 00 00 00 00 48 85 ff 2e 74 7a 40
0x00007fff8da970c7:   f6 c7 01 2e 75 7e 49 bb f8 ff ff ff ff 7f 00 00
0x00007fff8da970d7:   4c 23 1f 49 89 f2 45 23 53 18 49 c1 e2 04 4d 03
0x00007fff8da970e7:   53 10 49 3b 32 75 04 41 ff 62 08 49 83 3a 00 74 

Register to memory mapping:

RAX=0x00007f8fa531e000 is an unknown value
RBX=0x00007f8fa40849e8 is an unknown value
RCX=0x00007f8fa531e080 is an unknown value
RDX=0x00000001211bd438: Java_sun_java2d_opengl_OGLRenderQueue_flushBuffer+0xb5c in /Library/Java/JavaVirtualMachines/jdk1.7.0_51.jdk/Contents/Home/jre/lib/lwawt/liblwawt.dylib at 0x00000001211b5000
RSP=0x0000000125c6a818 is pointing into the stack for thread: 0x00007f8fa4084800
RBP=0x0000000125c6a840 is pointing into the stack for thread: 0x00007f8fa4084800
RSI=0x00007fff8f1b1020: -[NSTitlebarContainerView shouldRoundCorners]+0xca12 in /System/Library/Frameworks/AppKit.framework/Versions/C/AppKit at 0x00007fff8e837000
RDI=0x9000000000000000 is an unknown value
R8 =0x0000000000000001 is an unknown value
R9 =0x0000000000000060 is an unknown value
R10=0x000000010fb9866c is at code_begin+620 in an Interpreter codelet
method entry point (kind = native)  [0x000000010fb98400, 0x000000010fb98c40]  2112 bytes
R11=0x00007ffffffffff8 is an unknown value
R12=0x00007f8fa531e078 is an unknown value
R13=0x00000006fb39d250 is an oop
{method} 
 - klass: {other class}
R14=0x00007f8fa621a5d0 is an unknown value
R15=0x00007f8fa621a3a0 is an unknown value


Stack: [0x0000000125b6b000,0x0000000125c6b000],  sp=0x0000000125c6a818,  free space=1022k
Native frames: (J=compiled Java code, j=interpreted, Vv=VM code, C=native code)
C  [libobjc.A.dylib+0x10d7]  objc_msgSend+0x17
C  [liblwawt.dylib+0x7f16]  Java_sun_java2d_opengl_OGLRenderQueue_flushBuffer+0x63a
j  sun.java2d.opengl.OGLRenderQueue.flushBuffer(JI)V+0
j  sun.java2d.opengl.OGLRenderQueue.flushBuffer()V+21

Java frames: (J=compiled Java code, j=interpreted, Vv=VM code)
j  sun.java2d.opengl.OGLRenderQueue.flushBuffer(JI)V+0
j  sun.java2d.opengl.OGLRenderQueue.flushBuffer()V+21
J  sun.java2d.opengl.OGLRenderQueue$QueueFlusher.run()V
v  ~StubRoutines::call_stub

---------------  P R O C E S S  ---------------

Java Threads: ( => current thread )
  0x00007f8fa7035000 JavaThread "Thread-112" [_thread_in_Java, id=67603, stack(0x0000000129b7f000,0x0000000129c7f000)]
  0x00007f8fa7034800 JavaThread "Thread-111" [_thread_in_Java, id=55651, stack(0x0000000129a7c000,0x0000000129b7c000)]
  0x00007f8fa7019000 JavaThread "Thread-110" [_thread_in_Java, id=40019, stack(0x0000000129630000,0x0000000129730000)]
  0x00007f8fa7032800 JavaThread "Thread-109" [_thread_in_Java, id=40779, stack(0x000000012952d000,0x000000012962d000)]
  0x00007f8fa407d800 JavaThread "Thread-108" [_thread_in_Java, id=27195, stack(0x000000012942a000,0x000000012952a000)]
  0x00007f8fa40fc800 JavaThread "Thread-107" [_thread_in_Java, id=39495, stack(0x0000000129304000,0x0000000129404000)]
  0x00007f8fa3adf800 JavaThread "Thread-106" [_thread_in_Java, id=39695, stack(0x0000000129201000,0x0000000129301000)]
  0x00007f8fa3adf000 JavaThread "Thread-105" [_thread_in_Java, id=38099, stack(0x000000012907a000,0x000000012917a000)]
  0x00007f8fa48a3000 JavaThread "AWT-EventQueue-0" [_thread_blocked, id=60947, stack(0x00000001289f5000,0x0000000128af5000)]
  0x00007f8fa531f000 JavaThread "Java2D Disposer" daemon [_thread_blocked, id=54795, stack(0x00000001267b3000,0x00000001268b3000)]
=>0x00007f8fa4084800 JavaThread "Java2D Queue Flusher" daemon [_thread_in_native, id=52487, stack(0x0000000125b6b000,0x0000000125c6b000)]
  0x00007f8fa4836000 JavaThread "AWT-Shutdown" [_thread_blocked, id=30227, stack(0x0000000122939000,0x0000000122a39000)]
  0x00007f8fa481b800 JavaThread "AppKit Thread" daemon [_thread_in_native, id=1299, stack(0x00007fff51cbc000,0x00007fff51d3c000)]
  0x00007f8fa3928800 JavaThread "Monitor Ctrl-Break" daemon [_thread_in_native, id=20739, stack(0x0000000120edb000,0x0000000120fdb000)]
  0x00007f8fa503a000 JavaThread "Service Thread" daemon [_thread_blocked, id=19715, stack(0x0000000120a9e000,0x0000000120b9e000)]
  0x00007f8fa5039800 JavaThread "C2 CompilerThread1" daemon [_thread_blocked, id=19203, stack(0x000000012099b000,0x0000000120a9b000)]
  0x00007f8fa4011800 JavaThread "C2 CompilerThread0" daemon [_thread_blocked, id=18691, stack(0x0000000120898000,0x0000000120998000)]
  0x00007f8fa400a000 JavaThread "Signal Dispatcher" daemon [_thread_blocked, id=15383, stack(0x0000000120795000,0x0000000120895000)]
  0x00007f8fa5029000 JavaThread "Finalizer" daemon [_thread_blocked, id=13571, stack(0x000000011ee4f000,0x000000011ef4f000)]
  0x00007f8fa5026800 JavaThread "Reference Handler" daemon [_thread_blocked, id=13059, stack(0x000000011ed4c000,0x000000011ee4c000)]
  0x00007f8fa380a000 JavaThread "main" [_thread_blocked, id=4867, stack(0x000000010fa54000,0x000000010fb54000)]

Other Threads:
  0x00007f8fa481a000 VMThread [stack: 0x000000011ec49000,0x000000011ed49000] [id=12547]
  0x00007f8fa382d000 WatcherThread [stack: 0x0000000120ba1000,0x0000000120ca1000] [id=20227]

VM state:not at safepoint (normal execution)

VM Mutex/Monitor currently owned by a thread: None

Heap
 PSYoungGen      total 1335808K, used 83375K [0x00000007aaa80000, 0x0000000800000000, 0x0000000800000000)
  eden space 1335296K, 6% used [0x00000007aaa80000,0x00000007aff3c100,0x00000007fc280000)
  from space 512K, 0% used [0x00000007fff80000,0x00000007fff80000,0x0000000800000000)
  to   space 512K, 0% used [0x00000007fff00000,0x00000007fff00000,0x00000007fff80000)
 ParOldGen       total 243712K, used 77665K [0x0000000700000000, 0x000000070ee00000, 0x00000007aaa80000)
  object space 243712K, 31% used [0x0000000700000000,0x0000000704bd8590,0x000000070ee00000)
 PSPermGen       total 21504K, used 8515K [0x00000006fae00000, 0x00000006fc300000, 0x0000000700000000)
  object space 21504K, 39% used [0x00000006fae00000,0x00000006fb650c18,0x00000006fc300000)

Card table byte_map: [0x0000000112c46000,0x0000000113470000] byte_map_base: 0x000000010f46f000

Polling page: 0x000000010dfe6000

Code Cache  [0x000000010fb86000, 0x000000010fdf6000, 0x0000000112b86000)
 total_blobs=671 nmethods=258 adapters=368 free_code_cache=47857Kb largest_free_block=48932224

Compilation events (10 events):
Event: 17480.136 Thread 0x00007f8fa4011800  270             com.sun.imageio.plugins.png.PNGImageWriter::initializeScaleTables (329 bytes)
Event: 17480.150 Thread 0x00007f8fa4011800 nmethod 270 0x000000010fcc8590 code [0x000000010fcc8720, 0x000000010fcc9588]
Event: 18011.239 Thread 0x00007f8fa5039800  271 % !         java.util.concurrent.locks.AbstractQueuedSynchronizer::acquireQueued @ 5 (93 bytes)
Event: 18011.243 Thread 0x00007f8fa5039800 nmethod 271% 0x000000010fc94810 code [0x000000010fc949a0, 0x000000010fc94c70]
Event: 18011.266 Thread 0x00007f8fa4011800  272   !         java.util.concurrent.locks.AbstractQueuedSynchronizer::acquireQueued (93 bytes)
Event: 18011.269 Thread 0x00007f8fa4011800 nmethod 272 0x000000010fcc7f90 code [0x000000010fcc8120, 0x000000010fcc82f0]
Event: 22608.291 Thread 0x00007f8fa5039800  273             java.util.Arrays::binarySearch0 (95 bytes)
Event: 22608.292 Thread 0x00007f8fa5039800 nmethod 273 0x000000010fc40c10 code [0x000000010fc40d60, 0x000000010fc40f18]
Event: 27785.586 Thread 0x00007f8fa4011800  274             net.danielthompson.danray.TraceManager::Setup (656 bytes)
Event: 27785.660 Thread 0x00007f8fa4011800 nmethod 274 0x000000010fcd2a90 code [0x000000010fcd3440, 0x000000010fcd7af8]

GC Heap History (10 events):
Event: 34815.320 GC heap before
{Heap before GC invocations=338226 (full 29):
 PSYoungGen      total 1335808K, used 1335552K [0x00000007aaa80000, 0x0000000800000000, 0x0000000800000000)
  eden space 1335296K, 100% used [0x00000007aaa80000,0x00000007fc280000,0x00000007fc280000)
  from space 512K, 50% used [0x00000007fff80000,0x00000007fffc0000,0x0000000800000000)
  to   space 512K, 0% used [0x00000007fff00000,0x00000007fff00000,0x00000007fff80000)
 ParOldGen       total 267264K, used 267066K [0x0000000700000000, 0x0000000710500000, 0x00000007aaa80000)
  object space 267264K, 99% used [0x0000000700000000,0x00000007104ce9f0,0x0000000710500000)
 PSPermGen       total 21504K, used 8515K [0x00000006fae00000, 0x00000006fc300000, 0x0000000700000000)
  object space 21504K, 39% used [0x00000006fae00000,0x00000006fb650c18,0x00000006fc300000)
Event: 34815.322 GC heap after
Heap after GC invocations=338226 (full 29):
 PSYoungGen      total 1397760K, used 160K [0x00000007aaa80000, 0x0000000800000000, 0x0000000800000000)
  eden space 1397248K, 0% used [0x00000007aaa80000,0x00000007aaa80000,0x00000007fff00000)
  from space 512K, 31% used [0x00000007fff00000,0x00000007fff28000,0x00000007fff80000)
  to   space 512K, 0% used [0x00000007fff80000,0x00000007fff80000,0x0000000800000000)
 ParOldGen       total 267264K, used 267066K [0x0000000700000000, 0x0000000710500000, 0x00000007aaa80000)
  object space 267264K, 99% used [0x0000000700000000,0x00000007104ce9f0,0x0000000710500000)
 PSPermGen       total 21504K, used 8515K [0x00000006fae00000, 0x00000006fc300000, 0x0000000700000000)
  object space 21504K, 39% used [0x00000006fae00000,0x00000006fb650c18,0x00000006fc300000)
}
Event: 34815.470 GC heap before
{Heap before GC invocations=338227 (full 29):
 PSYoungGen      total 1397760K, used 1397408K [0x00000007aaa80000, 0x0000000800000000, 0x0000000800000000)
  eden space 1397248K, 100% used [0x00000007aaa80000,0x00000007fff00000,0x00000007fff00000)
  from space 512K, 31% used [0x00000007fff00000,0x00000007fff28000,0x00000007fff80000)
  to   space 512K, 0% used [0x00000007fff80000,0x00000007fff80000,0x0000000800000000)
 ParOldGen       total 268800K, used 268685K [0x0000000700000000, 0x0000000710680000, 0x00000007aaa80000)
  object space 268800K, 99% used [0x0000000700000000,0x00000007106637a8,0x0000000710680000)
 PSPermGen       total 21504K, used 8515K [0x00000006fae00000, 0x00000006fc300000, 0x0000000700000000)
  object space 21504K, 39% used [0x00000006fae00000,0x00000006fb650c18,0x00000006fc300000)
Event: 34815.472 GC heap after
Heap after GC invocations=338227 (full 29):
 PSYoungGen      total 1397760K, used 256K [0x00000007aaa80000, 0x0000000800000000, 0x0000000800000000)
  eden space 1397248K, 0% used [0x00000007aaa80000,0x00000007aaa80000,0x00000007fff00000)
  from space 512K, 50% used [0x00000007fff80000,0x00000007fffc0000,0x0000000800000000)
  to   space 512K, 0% used [0x00000007fff00000,0x00000007fff00000,0x00000007fff80000)
 ParOldGen       total 268800K, used 268685K [0x0000000700000000, 0x0000000710680000, 0x00000007aaa80000)
  object space 268800K, 99% used [0x0000000700000000,0x00000007106637a8,0x0000000710680000)
 PSPermGen       total 21504K, used 8515K [0x00000006fae00000, 0x00000006fc300000, 0x0000000700000000)
  object space 21504K, 39% used [0x00000006fae00000,0x00000006fb650c18,0x00000006fc300000)
}
Event: 34815.605 GC heap before
{Heap before GC invocations=338228 (full 29):
 PSYoungGen      total 1397760K, used 1397504K [0x00000007aaa80000, 0x0000000800000000, 0x0000000800000000)
  eden space 1397248K, 100% used [0x00000007aaa80000,0x00000007fff00000,0x00000007fff00000)
  from space 512K, 50% used [0x00000007fff80000,0x00000007fffc0000,0x0000000800000000)
  to   space 512K, 0% used [0x00000007fff00000,0x00000007fff00000,0x00000007fff80000)
 ParOldGen       total 268800K, used 268687K [0x0000000700000000, 0x0000000710680000, 0x00000007aaa80000)
  object space 268800K, 99% used [0x0000000700000000,0x0000000710663f20,0x0000000710680000)
 PSPermGen       total 21504K, used 8515K [0x00000006fae00000, 0x00000006fc300000, 0x0000000700000000)
  object space 21504K, 39% used [0x00000006fae00000,0x00000006fb650c18,0x00000006fc300000)
Event: 34815.606 GC heap after
Heap after GC invocations=338228 (full 29):
 PSYoungGen      total 1397760K, used 224K [0x00000007aaa80000, 0x0000000800000000, 0x0000000800000000)
  eden space 1397248K, 0% used [0x00000007aaa80000,0x00000007aaa80000,0x00000007fff00000)
  from space 512K, 43% used [0x00000007fff00000,0x00000007fff38000,0x00000007fff80000)
  to   space 512K, 0% used [0x00000007fff80000,0x00000007fff80000,0x0000000800000000)
 ParOldGen       total 268800K, used 268743K [0x0000000700000000, 0x0000000710680000, 0x00000007aaa80000)
  object space 268800K, 99% used [0x0000000700000000,0x0000000710671f20,0x0000000710680000)
 PSPermGen       total 21504K, used 8515K [0x00000006fae00000, 0x00000006fc300000, 0x0000000700000000)
  object space 21504K, 39% used [0x00000006fae00000,0x00000006fb650c18,0x00000006fc300000)
}
Event: 34815.741 GC heap before
{Heap before GC invocations=338229 (full 29):
 PSYoungGen      total 1397760K, used 1397472K [0x00000007aaa80000, 0x0000000800000000, 0x0000000800000000)
  eden space 1397248K, 100% used [0x00000007aaa80000,0x00000007fff00000,0x00000007fff00000)
  from space 512K, 43% used [0x00000007fff00000,0x00000007fff38000,0x00000007fff80000)
  to   space 512K, 0% used [0x00000007fff80000,0x00000007fff80000,0x0000000800000000)
 ParOldGen       total 268800K, used 268743K [0x0000000700000000, 0x0000000710680000, 0x00000007aaa80000)
  object space 268800K, 99% used [0x0000000700000000,0x0000000710671f20,0x0000000710680000)
 PSPermGen       total 21504K, used 8515K [0x00000006fae00000, 0x00000006fc300000, 0x0000000700000000)
  object space 21504K, 39% used [0x00000006fae00000,0x00000006fb650c18,0x00000006fc300000)
Event: 34815.742 GC heap after
Heap after GC invocations=338229 (full 29):
 PSYoungGen      total 1335808K, used 256K [0x00000007aaa80000, 0x0000000800000000, 0x0000000800000000)
  eden space 1335296K, 0% used [0x00000007aaa80000,0x00000007aaa80000,0x00000007fc280000)
  from space 512K, 50% used [0x00000007fff80000,0x00000007fffc0000,0x0000000800000000)
  to   space 512K, 0% used [0x00000007fff00000,0x00000007fff00000,0x00000007fff80000)
 ParOldGen       total 268800K, used 268791K [0x0000000700000000, 0x0000000710680000, 0x00000007aaa80000)
  object space 268800K, 99% used [0x0000000700000000,0x000000071067df20,0x0000000710680000)
 PSPermGen       total 21504K, used 8515K [0x00000006fae00000, 0x00000006fc300000, 0x0000000700000000)
  object space 21504K, 39% used [0x00000006fae00000,0x00000006fb650c18,0x00000006fc300000)
}
Event: 34815.742 GC heap before
{Heap before GC invocations=338230 (full 30):
 PSYoungGen      total 1335808K, used 256K [0x00000007aaa80000, 0x0000000800000000, 0x0000000800000000)
  eden space 1335296K, 0% used [0x00000007aaa80000,0x00000007aaa80000,0x00000007fc280000)
  from space 512K, 50% used [0x00000007fff80000,0x00000007fffc0000,0x0000000800000000)
  to   space 512K, 0% used [0x00000007fff00000,0x00000007fff00000,0x00000007fff80000)
 ParOldGen       total 268800K, used 268791K [0x0000000700000000, 0x0000000710680000, 0x00000007aaa80000)
  object space 268800K, 99% used [0x0000000700000000,0x000000071067df20,0x0000000710680000)
 PSPermGen       total 21504K, used 8515K [0x00000006fae00000, 0x00000006fc300000, 0x0000000700000000)
  object space 21504K, 39% used [0x00000006fae00000,0x00000006fb650c18,0x00000006fc300000)
Event: 34815.775 GC heap after
Heap after GC invocations=338230 (full 30):
 PSYoungGen      total 1335808K, used 0K [0x00000007aaa80000, 0x0000000800000000, 0x0000000800000000)
  eden space 1335296K, 0% used [0x00000007aaa80000,0x00000007aaa80000,0x00000007fc280000)
  from space 512K, 0% used [0x00000007fff80000,0x00000007fff80000,0x0000000800000000)
  to   space 512K, 0% used [0x00000007fff00000,0x00000007fff00000,0x00000007fff80000)
 ParOldGen       total 243712K, used 77665K [0x0000000700000000, 0x000000070ee00000, 0x00000007aaa80000)
  object space 243712K, 31% used [0x0000000700000000,0x0000000704bd8590,0x000000070ee00000)
 PSPermGen       total 21504K, used 8515K [0x00000006fae00000, 0x00000006fc300000, 0x0000000700000000)
  object space 21504K, 39% used [0x00000006fae00000,0x00000006fb650c18,0x00000006fc300000)
}

Deoptimization events (10 events):
Event: 2467.734 Thread 0x00007f8fa4143000 Uncommon trap: reason=unreached action=reinterpret pc=0x000000010fbf872c method=net.danielthompson.danray.runners.PixelRunner.run()V @ 6
Event: 2467.734 Thread 0x00007f8fa6907000 Uncommon trap: reason=unreached action=reinterpret pc=0x000000010fbf872c method=net.danielthompson.danray.runners.PixelRunner.run()V @ 6
Event: 2467.735 Thread 0x00007f8fa4026000 Uncommon trap: reason=unreached action=reinterpret pc=0x000000010fbf872c method=net.danielthompson.danray.runners.PixelRunner.run()V @ 6
Event: 2467.736 Thread 0x00007f8fa7087000 Uncommon trap: reason=unreached action=reinterpret pc=0x000000010fbf872c method=net.danielthompson.danray.runners.PixelRunner.run()V @ 6
Event: 2467.740 Thread 0x00007f8fa413c000 Uncommon trap: reason=unreached action=reinterpret pc=0x000000010fbf872c method=net.danielthompson.danray.runners.PixelRunner.run()V @ 6
Event: 2467.744 Thread 0x00007f8fa4142000 Uncommon trap: reason=unreached action=reinterpret pc=0x000000010fbf872c method=net.danielthompson.danray.runners.PixelRunner.run()V @ 6
Event: 2467.777 Thread 0x00007f8fa7088000 Uncommon trap: reason=unreached action=reinterpret pc=0x000000010fbf872c method=net.danielthompson.danray.runners.PixelRunner.run()V @ 6
Event: 2467.851 Thread 0x00007f8fa380a000 Uncommon trap: reason=unreached action=reinterpret pc=0x000000010fc91770 method=org.apache.commons.math3.util.KthSelector.partition([DIII)I @ 80
Event: 12408.244 Thread 0x00007f8fa531f000 Uncommon trap: reason=unreached action=reinterpret pc=0x000000010fcbaa64 method=java.util.concurrent.locks.AbstractQueuedSynchronizer.acquireQueued(Ljava/util/concurrent/locks/AbstractQueuedSynchronizer$Node;I)Z @ 17
Event: 17480.182 Thread 0x00007f8fa380a000 Uncommon trap: reason=null_check action=make_not_entrant pc=0x000000010fccda14 method=java.awt.Component.addMouseListener(Ljava/awt/event/MouseListener;)V @ 26

Internal exceptions (10 events):
Event: 2467.825 Thread 0x00007f8fa380a000 Threw 0x00000007e4df3e18 at /HUDSON/workspace/7u-2-build-macosx-x86_64/jdk7u51/527/hotspot/src/share/vm/prims/jvm.cpp:1244
Event: 2467.825 Thread 0x00007f8fa380a000 Threw 0x00000007e4dfb478 at /HUDSON/workspace/7u-2-build-macosx-x86_64/jdk7u51/527/hotspot/src/share/vm/prims/jvm.cpp:1244
Event: 2467.826 Thread 0x00007f8fa380a000 Threw 0x00000007e4e03510 at /HUDSON/workspace/7u-2-build-macosx-x86_64/jdk7u51/527/hotspot/src/share/vm/prims/jvm.cpp:1244
Event: 2467.826 Thread 0x00007f8fa380a000 Threw 0x00000007e4e0a320 at /HUDSON/workspace/7u-2-build-macosx-x86_64/jdk7u51/527/hotspot/src/share/vm/prims/jvm.cpp:1244
Event: 2467.827 Thread 0x00007f8fa380a000 Threw 0x00000007e4e11300 at /HUDSON/workspace/7u-2-build-macosx-x86_64/jdk7u51/527/hotspot/src/share/vm/prims/jvm.cpp:1244
Event: 2467.827 Thread 0x00007f8fa380a000 Threw 0x00000007e4e18798 at /HUDSON/workspace/7u-2-build-macosx-x86_64/jdk7u51/527/hotspot/src/share/vm/prims/jvm.cpp:1244
Event: 2467.828 Thread 0x00007f8fa380a000 Threw 0x00000007e4e210e0 at /HUDSON/workspace/7u-2-build-macosx-x86_64/jdk7u51/527/hotspot/src/share/vm/prims/jvm.cpp:1244
Event: 2467.838 Thread 0x00007f8fa380a000 Threw 0x00000007e4e286c8 at /HUDSON/workspace/7u-2-build-macosx-x86_64/jdk7u51/527/hotspot/src/share/vm/prims/jvm.cpp:1244
Event: 2467.838 Thread 0x00007f8fa380a000 Threw 0x00000007e4e4c148 at /HUDSON/workspace/7u-2-build-macosx-x86_64/jdk7u51/527/hotspot/src/share/vm/prims/jvm.cpp:1244
Event: 17480.182 Thread 0x00007f8fa380a000 Implicit null exception at 0x000000010fcca70f to 0x000000010fccd9fd

Events (10 events):
Event: 34815.320 Executing VM operation: ParallelGCFailedAllocation
Event: 34815.322 Executing VM operation: ParallelGCFailedAllocation done
Event: 34815.459 Executing VM operation: ParallelGCFailedAllocation
Event: 34815.459 Executing VM operation: ParallelGCFailedAllocation done
Event: 34815.470 Executing VM operation: ParallelGCSystemGC
Event: 34815.472 Executing VM operation: ParallelGCSystemGC done
Event: 34815.605 Executing VM operation: ParallelGCFailedAllocation
Event: 34815.606 Executing VM operation: ParallelGCFailedAllocation done
Event: 34815.741 Executing VM operation: ParallelGCFailedAllocation
Event: 34815.775 Executing VM operation: ParallelGCFailedAllocation done


Dynamic libraries:
0x0000000007df2000 	/System/Library/Frameworks/Cocoa.framework/Versions/A/Cocoa
0x0000000007df2000 	/System/Library/Frameworks/Security.framework/Versions/A/Security
0x0000000007df2000 	/System/Library/Frameworks/ApplicationServices.framework/Versions/A/ApplicationServices
0x0000000007df2000 	/usr/lib/libz.1.dylib
0x0000000007df2000 	/usr/lib/libSystem.B.dylib
0x0000000007df2000 	/usr/lib/libobjc.A.dylib
0x0000000007df2000 	/System/Library/Frameworks/CoreFoundation.framework/Versions/A/CoreFoundation
0x0000000007df2000 	/System/Library/Frameworks/Foundation.framework/Versions/C/Foundation
0x0000000007df2000 	/System/Library/Frameworks/AppKit.framework/Versions/C/AppKit
0x0000000007df2000 	/System/Library/Frameworks/CoreData.framework/Versions/A/CoreData
0x0000000007df2000 	/System/Library/PrivateFrameworks/RemoteViewServices.framework/Versions/A/RemoteViewServices
0x0000000007df2000 	/System/Library/PrivateFrameworks/UIFoundation.framework/Versions/A/UIFoundation
0x0000000007df2000 	/System/Library/Frameworks/IOSurface.framework/Versions/A/IOSurface
0x0000000007df2000 	/System/Library/Frameworks/AudioToolbox.framework/Versions/A/AudioToolbox
0x0000000007df2000 	/System/Library/Frameworks/AudioUnit.framework/Versions/A/AudioUnit
0x0000000007df2000 	/System/Library/PrivateFrameworks/DataDetectorsCore.framework/Versions/A/DataDetectorsCore
0x0000000007df2000 	/System/Library/PrivateFrameworks/DesktopServicesPriv.framework/Versions/A/DesktopServicesPriv
0x0000000007df2000 	/System/Library/Frameworks/Carbon.framework/Versions/A/Frameworks/HIToolbox.framework/Versions/A/HIToolbox
0x0000000007df2000 	/System/Library/Frameworks/QuartzCore.framework/Versions/A/QuartzCore
0x0000000007df2000 	/System/Library/Frameworks/Carbon.framework/Versions/A/Frameworks/SpeechRecognition.framework/Versions/A/SpeechRecognition
0x0000000007df2000 	/usr/lib/libauto.dylib
0x0000000007df2000 	/usr/lib/libicucore.A.dylib
0x0000000007df2000 	/usr/lib/libxml2.2.dylib
0x0000000007df2000 	/System/Library/PrivateFrameworks/CoreUI.framework/Versions/A/CoreUI
0x0000000007df2000 	/System/Library/Frameworks/CoreAudio.framework/Versions/A/CoreAudio
0x0000000007df2000 	/System/Library/Frameworks/DiskArbitration.framework/Versions/A/DiskArbitration
0x0000000007df2000 	/usr/lib/liblangid.dylib
0x0000000007df2000 	/System/Library/PrivateFrameworks/MultitouchSupport.framework/Versions/A/MultitouchSupport
0x0000000007df2000 	/System/Library/Frameworks/IOKit.framework/Versions/A/IOKit
0x0000000007df2000 	/usr/lib/libDiagnosticMessagesClient.dylib
0x0000000007df2000 	/System/Library/Frameworks/CoreServices.framework/Versions/A/CoreServices
0x0000000007df2000 	/System/Library/PrivateFrameworks/PerformanceAnalysis.framework/Versions/A/PerformanceAnalysis
0x0000000007df2000 	/System/Library/PrivateFrameworks/GenerationalStorage.framework/Versions/A/GenerationalStorage
0x0000000007df2000 	/System/Library/Frameworks/OpenGL.framework/Versions/A/OpenGL
0x0000000007df2000 	/System/Library/PrivateFrameworks/Sharing.framework/Versions/A/Sharing
0x0000000007df2000 	/System/Library/Frameworks/CoreGraphics.framework/Versions/A/CoreGraphics
0x0000000007df2000 	/System/Library/Frameworks/CoreText.framework/Versions/A/CoreText
0x0000000007df2000 	/System/Library/Frameworks/ImageIO.framework/Versions/A/ImageIO
0x0000000007df2000 	/usr/lib/libextension.dylib
0x0000000007df2000 	/System/Library/PrivateFrameworks/Backup.framework/Versions/A/Backup
0x0000000007df2000 	/usr/lib/libarchive.2.dylib
0x0000000007df2000 	/System/Library/Frameworks/CFNetwork.framework/Versions/A/CFNetwork
0x0000000007df2000 	/System/Library/Frameworks/SystemConfiguration.framework/Versions/A/SystemConfiguration
0x0000000007df2000 	/usr/lib/libCRFSuite.dylib
0x0000000007df2000 	/usr/lib/libc++.1.dylib
0x0000000007df2000 	/usr/lib/libc++abi.dylib
0x0000000007df2000 	/usr/lib/system/libcache.dylib
0x0000000007df2000 	/usr/lib/system/libcommonCrypto.dylib
0x0000000007df2000 	/usr/lib/system/libcompiler_rt.dylib
0x0000000007df2000 	/usr/lib/system/libcopyfile.dylib
0x0000000007df2000 	/usr/lib/system/libcorecrypto.dylib
0x0000000007df2000 	/usr/lib/system/libdispatch.dylib
0x0000000007df2000 	/usr/lib/system/libdyld.dylib
0x0000000007df2000 	/usr/lib/system/libkeymgr.dylib
0x0000000007df2000 	/usr/lib/system/liblaunch.dylib
0x0000000007df2000 	/usr/lib/system/libmacho.dylib
0x0000000007df2000 	/usr/lib/system/libquarantine.dylib
0x0000000007df2000 	/usr/lib/system/libremovefile.dylib
0x0000000007df2000 	/usr/lib/system/libsystem_asl.dylib
0x0000000007df2000 	/usr/lib/system/libsystem_blocks.dylib
0x0000000007df2000 	/usr/lib/system/libsystem_c.dylib
0x0000000007df2000 	/usr/lib/system/libsystem_configuration.dylib
0x0000000007df2000 	/usr/lib/system/libsystem_coreservices.dylib
0x0000000007df2000 	/usr/lib/system/libsystem_coretls.dylib
0x0000000007df2000 	/usr/lib/system/libsystem_dnssd.dylib
0x0000000007df2000 	/usr/lib/system/libsystem_info.dylib
0x0000000007df2000 	/usr/lib/system/libsystem_kernel.dylib
0x0000000007df2000 	/usr/lib/system/libsystem_m.dylib
0x0000000007df2000 	/usr/lib/system/libsystem_malloc.dylib
0x0000000007df2000 	/usr/lib/system/libsystem_network.dylib
0x0000000007df2000 	/usr/lib/system/libsystem_networkextension.dylib
0x0000000007df2000 	/usr/lib/system/libsystem_notify.dylib
0x0000000007df2000 	/usr/lib/system/libsystem_platform.dylib
0x0000000007df2000 	/usr/lib/system/libsystem_pthread.dylib
0x0000000007df2000 	/usr/lib/system/libsystem_sandbox.dylib
0x0000000007df2000 	/usr/lib/system/libsystem_secinit.dylib
0x0000000007df2000 	/usr/lib/system/libsystem_stats.dylib
0x0000000007df2000 	/usr/lib/system/libsystem_trace.dylib
0x0000000007df2000 	/usr/lib/system/libunc.dylib
0x0000000007df2000 	/usr/lib/system/libunwind.dylib
0x0000000007df2000 	/usr/lib/system/libxpc.dylib
0x0000000007df2000 	/usr/lib/libbz2.1.0.dylib
0x0000000007df2000 	/usr/lib/liblzma.5.dylib
0x0000000007df2000 	/usr/lib/libbsm.0.dylib
0x0000000007df2000 	/usr/lib/libsqlite3.dylib
0x0000000007df2000 	/usr/lib/system/libkxld.dylib
0x0000000007df2000 	/usr/lib/libxar.1.dylib
0x0000000007df2000 	/usr/lib/libpam.2.dylib
0x0000000007df2000 	/usr/lib/libOpenScriptingUtil.dylib
0x0000000007df2000 	/System/Library/Frameworks/CoreServices.framework/Versions/A/Frameworks/FSEvents.framework/Versions/A/FSEvents
0x0000000007df2000 	/System/Library/Frameworks/CoreServices.framework/Versions/A/Frameworks/CarbonCore.framework/Versions/A/CarbonCore
0x0000000007df2000 	/System/Library/Frameworks/CoreServices.framework/Versions/A/Frameworks/Metadata.framework/Versions/A/Metadata
0x0000000007df2000 	/System/Library/Frameworks/CoreServices.framework/Versions/A/Frameworks/OSServices.framework/Versions/A/OSServices
0x0000000007df2000 	/System/Library/Frameworks/CoreServices.framework/Versions/A/Frameworks/SearchKit.framework/Versions/A/SearchKit
0x0000000007df2000 	/System/Library/Frameworks/CoreServices.framework/Versions/A/Frameworks/AE.framework/Versions/A/AE
0x0000000007df2000 	/System/Library/Frameworks/CoreServices.framework/Versions/A/Frameworks/LaunchServices.framework/Versions/A/LaunchServices
0x0000000007df2000 	/System/Library/Frameworks/CoreServices.framework/Versions/A/Frameworks/DictionaryServices.framework/Versions/A/DictionaryServices
0x0000000007df2000 	/System/Library/Frameworks/NetFS.framework/Versions/A/NetFS
0x0000000007df2000 	/System/Library/PrivateFrameworks/NetAuth.framework/Versions/A/NetAuth
0x0000000007df2000 	/System/Library/PrivateFrameworks/login.framework/Versions/A/Frameworks/loginsupport.framework/Versions/A/loginsupport
0x0000000007df2000 	/System/Library/PrivateFrameworks/TCC.framework/Versions/A/TCC
0x0000000007df2000 	/usr/lib/libmecabra.dylib
0x0000000007df2000 	/System/Library/PrivateFrameworks/LanguageModeling.framework/Versions/A/LanguageModeling
0x0000000007df2000 	/usr/lib/libcmph.dylib
0x0000000007df2000 	/usr/lib/libiconv.2.dylib
0x0000000007df2000 	/System/Library/Frameworks/OpenDirectory.framework/Versions/A/Frameworks/CFOpenDirectory.framework/Versions/A/CFOpenDirectory
0x0000000007df2000 	/System/Library/Frameworks/ServiceManagement.framework/Versions/A/ServiceManagement
0x0000000007df2000 	/usr/lib/libxslt.1.dylib
0x0000000007df2000 	/System/Library/Frameworks/Carbon.framework/Versions/A/Frameworks/Ink.framework/Versions/A/Ink
0x0000000007df2000 	/System/Library/Frameworks/ApplicationServices.framework/Versions/A/Frameworks/ATS.framework/Versions/A/ATS
0x0000000007df2000 	/System/Library/Frameworks/ApplicationServices.framework/Versions/A/Frameworks/ColorSync.framework/Versions/A/ColorSync
0x0000000007df2000 	/System/Library/Frameworks/ApplicationServices.framework/Versions/A/Frameworks/HIServices.framework/Versions/A/HIServices
0x0000000007df2000 	/System/Library/Frameworks/ApplicationServices.framework/Versions/A/Frameworks/LangAnalysis.framework/Versions/A/LangAnalysis
0x0000000007df2000 	/System/Library/Frameworks/ApplicationServices.framework/Versions/A/Frameworks/PrintCore.framework/Versions/A/PrintCore
0x0000000007df2000 	/System/Library/Frameworks/ApplicationServices.framework/Versions/A/Frameworks/QD.framework/Versions/A/QD
0x0000000007df2000 	/System/Library/Frameworks/ApplicationServices.framework/Versions/A/Frameworks/SpeechSynthesis.framework/Versions/A/SpeechSynthesis
0x0000000007df2000 	/System/Library/Frameworks/Accelerate.framework/Versions/A/Accelerate
0x0000000007df2000 	/System/Library/Frameworks/Accelerate.framework/Versions/A/Frameworks/vImage.framework/Versions/A/vImage
0x0000000007df2000 	/System/Library/Frameworks/Accelerate.framework/Versions/A/Frameworks/vecLib.framework/Versions/A/vecLib
0x0000000007df2000 	/System/Library/Frameworks/Accelerate.framework/Versions/A/Frameworks/vecLib.framework/Versions/A/libvDSP.dylib
0x0000000007df2000 	/System/Library/Frameworks/Accelerate.framework/Versions/A/Frameworks/vecLib.framework/Versions/A/libvMisc.dylib
0x0000000007df2000 	/System/Library/Frameworks/Accelerate.framework/Versions/A/Frameworks/vecLib.framework/Versions/A/libLAPACK.dylib
0x0000000007df2000 	/System/Library/Frameworks/Accelerate.framework/Versions/A/Frameworks/vecLib.framework/Versions/A/libBLAS.dylib
0x0000000007df2000 	/System/Library/Frameworks/Accelerate.framework/Versions/A/Frameworks/vecLib.framework/Versions/A/libLinearAlgebra.dylib
0x0000000007df2000 	/System/Library/Frameworks/ApplicationServices.framework/Versions/A/Frameworks/ATS.framework/Versions/A/Resources/libFontParser.dylib
0x0000000007df2000 	/System/Library/Frameworks/ApplicationServices.framework/Versions/A/Frameworks/ATS.framework/Versions/A/Resources/libFontRegistry.dylib
0x0000000007df2000 	/System/Library/PrivateFrameworks/AppleVPA.framework/Versions/A/AppleVPA
0x0000000007df2000 	/System/Library/PrivateFrameworks/AppleJPEG.framework/Versions/A/AppleJPEG
0x0000000007df2000 	/System/Library/Frameworks/ImageIO.framework/Versions/A/Resources/libJPEG.dylib
0x0000000007df2000 	/System/Library/Frameworks/ImageIO.framework/Versions/A/Resources/libTIFF.dylib
0x0000000007df2000 	/System/Library/Frameworks/ImageIO.framework/Versions/A/Resources/libPng.dylib
0x0000000007df2000 	/System/Library/Frameworks/ImageIO.framework/Versions/A/Resources/libGIF.dylib
0x0000000007df2000 	/System/Library/Frameworks/ImageIO.framework/Versions/A/Resources/libJP2.dylib
0x0000000007df2000 	/System/Library/Frameworks/ImageIO.framework/Versions/A/Resources/libRadiance.dylib
0x0000000007df2000 	/System/Library/Frameworks/CoreVideo.framework/Versions/A/CoreVideo
0x0000000007df2000 	/System/Library/Frameworks/OpenGL.framework/Versions/A/Libraries/libGLU.dylib
0x0000000007df2000 	/System/Library/Frameworks/OpenGL.framework/Versions/A/Libraries/libGFXShared.dylib
0x0000000007df2000 	/System/Library/Frameworks/OpenGL.framework/Versions/A/Libraries/libGL.dylib
0x0000000007df2000 	/System/Library/Frameworks/OpenGL.framework/Versions/A/Libraries/libGLImage.dylib
0x0000000007df2000 	/System/Library/Frameworks/OpenGL.framework/Versions/A/Libraries/libCVMSPluginSupport.dylib
0x0000000007df2000 	/System/Library/Frameworks/OpenGL.framework/Versions/A/Libraries/libCoreVMClient.dylib
0x0000000007df2000 	/usr/lib/libcups.2.dylib
0x0000000007df2000 	/System/Library/Frameworks/Kerberos.framework/Versions/A/Kerberos
0x0000000007df2000 	/System/Library/Frameworks/GSS.framework/Versions/A/GSS
0x0000000007df2000 	/usr/lib/libresolv.9.dylib
0x0000000007df2000 	/System/Library/PrivateFrameworks/Heimdal.framework/Versions/A/Heimdal
0x0000000007df2000 	/usr/lib/libheimdal-asn1.dylib
0x0000000007df2000 	/System/Library/Frameworks/OpenDirectory.framework/Versions/A/OpenDirectory
0x0000000007df2000 	/System/Library/PrivateFrameworks/CommonAuth.framework/Versions/A/CommonAuth
0x0000000007df2000 	/System/Library/Frameworks/SecurityFoundation.framework/Versions/A/SecurityFoundation
0x0000000007df2000 	/System/Library/Frameworks/QuartzCore.framework/Versions/A/Frameworks/CoreImage.framework/Versions/A/CoreImage
0x0000000007df2000 	/System/Library/PrivateFrameworks/CrashReporterSupport.framework/Versions/A/CrashReporterSupport
0x0000000007df2000 	/System/Library/Frameworks/OpenCL.framework/Versions/A/OpenCL
0x0000000007df2000 	/System/Library/PrivateFrameworks/FaceCore.framework/Versions/A/FaceCore
0x0000000007df2000 	/System/Library/PrivateFrameworks/Ubiquity.framework/Versions/A/Ubiquity
0x0000000007df2000 	/System/Library/PrivateFrameworks/IconServices.framework/Versions/A/IconServices
0x0000000007df2000 	/System/Library/PrivateFrameworks/ChunkingLibrary.framework/Versions/A/ChunkingLibrary
0x0000000007df2000 	/System/Library/PrivateFrameworks/Apple80211.framework/Versions/A/Apple80211
0x0000000007df2000 	/System/Library/Frameworks/CoreWLAN.framework/Versions/A/CoreWLAN
0x0000000007df2000 	/System/Library/Frameworks/IOBluetooth.framework/Versions/A/IOBluetooth
0x0000000007df2000 	/System/Library/PrivateFrameworks/CoreWiFi.framework/Versions/A/CoreWiFi
0x0000000007df2000 	/System/Library/Frameworks/CoreBluetooth.framework/Versions/A/CoreBluetooth
0x0000000007df2000 	/System/Library/PrivateFrameworks/DebugSymbols.framework/Versions/A/DebugSymbols
0x0000000007df2000 	/System/Library/PrivateFrameworks/CoreSymbolication.framework/Versions/A/CoreSymbolication
0x0000000007df2000 	/System/Library/PrivateFrameworks/Symbolication.framework/Versions/A/Symbolication
0x0000000007df2000 	/System/Library/PrivateFrameworks/SpeechRecognitionCore.framework/Versions/A/SpeechRecognitionCore
0x000000010f000000 	/Library/Java/JavaVirtualMachines/jdk1.7.0_51.jdk/Contents/Home/jre/lib/server/libjvm.dylib
0x0000000007df2000 	/usr/lib/libstdc++.6.dylib
0x000000010dfd9000 	/Library/Java/JavaVirtualMachines/jdk1.7.0_51.jdk/Contents/Home/jre/lib/libverify.dylib
0x000000010fb56000 	/Library/Java/JavaVirtualMachines/jdk1.7.0_51.jdk/Contents/Home/jre/lib/libjava.dylib
0x000000010dff0000 	/Library/Java/JavaVirtualMachines/jdk1.7.0_51.jdk/Contents/Home/jre/lib/libzip.dylib
0x000000011ef51000 	/System/Library/Frameworks/JavaVM.framework/Frameworks/JavaRuntimeSupport.framework/JavaRuntimeSupport
0x000000011ef69000 	/System/Library/Frameworks/JavaVM.framework/Versions/A/Frameworks/JavaNativeFoundation.framework/Versions/A/JavaNativeFoundation
0x000000011ef7e000 	/System/Library/Frameworks/JavaVM.framework/Versions/A/JavaVM
0x0000000007df2000 	/System/Library/Frameworks/Carbon.framework/Versions/A/Carbon
0x000000011ef8b000 	/System/Library/PrivateFrameworks/JavaLaunching.framework/Versions/A/JavaLaunching
0x0000000007df2000 	/System/Library/Frameworks/Carbon.framework/Versions/A/Frameworks/CommonPanels.framework/Versions/A/CommonPanels
0x0000000007df2000 	/System/Library/Frameworks/Carbon.framework/Versions/A/Frameworks/Help.framework/Versions/A/Help
0x0000000007df2000 	/System/Library/Frameworks/Carbon.framework/Versions/A/Frameworks/ImageCapture.framework/Versions/A/ImageCapture
0x0000000007df2000 	/System/Library/Frameworks/Carbon.framework/Versions/A/Frameworks/OpenScripting.framework/Versions/A/OpenScripting
0x0000000007df2000 	/System/Library/Frameworks/Carbon.framework/Versions/A/Frameworks/Print.framework/Versions/A/Print
0x0000000007df2000 	/System/Library/Frameworks/Carbon.framework/Versions/A/Frameworks/SecurityHI.framework/Versions/A/SecurityHI
0x0000000120ed7000 	/Applications/IntelliJ IDEA 14 CE.app/Contents/bin/libbreakgen64.jnilib
0x0000000120fdd000 	/Library/Java/JavaVirtualMachines/jdk1.7.0_51.jdk/Contents/Home/jre/lib/libnet.dylib
0x000000012103a000 	/Library/Java/JavaVirtualMachines/jdk1.7.0_51.jdk/Contents/Home/jre/lib/libawt.dylib
0x00000001210e9000 	/Library/Java/JavaVirtualMachines/jdk1.7.0_51.jdk/Contents/Home/jre/lib/./libmlib_image.dylib
0x00000001211b5000 	/Library/Java/JavaVirtualMachines/jdk1.7.0_51.jdk/Contents/Home/jre/lib/lwawt/liblwawt.dylib
0x0000000121269000 	/Library/Java/JavaVirtualMachines/jdk1.7.0_51.jdk/Contents/Home/jre/lib/libosxapp.dylib
0x0000000007df2000 	/System/Library/Frameworks/ExceptionHandling.framework/Versions/A/ExceptionHandling
0x0000000007df2000 	/System/Library/PrivateFrameworks/CoreServicesInternal.framework/Versions/A/CoreServicesInternal
0x0000000007df2000 	/System/Library/PrivateFrameworks/CloudDocs.framework/Versions/A/CloudDocs
0x0000000007df2000 	/System/Library/PrivateFrameworks/CoreDuet.framework/Versions/A/CoreDuet
0x0000000007df2000 	/System/Library/Frameworks/CloudKit.framework/Versions/A/CloudKit
0x0000000007df2000 	/System/Library/PrivateFrameworks/ProtocolBuffer.framework/Versions/A/ProtocolBuffer
0x0000000007df2000 	/System/Library/PrivateFrameworks/CoreDuetDaemonProtocol.framework/Versions/A/CoreDuetDaemonProtocol
0x0000000007df2000 	/System/Library/PrivateFrameworks/CoreDuetDebugLogging.framework/Versions/A/CoreDuetDebugLogging
0x0000000007df2000 	/System/Library/Frameworks/CoreLocation.framework/Versions/A/CoreLocation
0x0000000007df2000 	/System/Library/Frameworks/Accounts.framework/Versions/A/Accounts
0x0000000007df2000 	/System/Library/PrivateFrameworks/ApplePushService.framework/Versions/A/ApplePushService
0x0000000007df2000 	/System/Library/PrivateFrameworks/GeoServices.framework/Versions/A/GeoServices
0x0000000007df2000 	/System/Library/PrivateFrameworks/OAuth.framework/Versions/A/OAuth
0x0000000007df2000 	/System/Library/PrivateFrameworks/CoreDaemon.framework/Versions/B/CoreDaemon
0x0000000007df2000 	/usr/lib/libcrypto.0.9.8.dylib
0x0000000007df2000 	/System/Library/PrivateFrameworks/AppleSRP.framework/Versions/A/AppleSRP
0x0000000007df2000 	/System/Library/PrivateFrameworks/TrustEvaluationAgent.framework/Versions/A/TrustEvaluationAgent
0x0000000007df2000 	/System/Library/Frameworks/CoreGraphics.framework/Versions/A/Resources/libCGCMS.A.dylib
0x0000000007df2000 	/System/Library/Frameworks/CoreGraphics.framework/Versions/A/Resources/libRIP.A.dylib
0x0000000007df2000 	/System/Library/Frameworks/CoreGraphics.framework/Versions/A/Resources/libCGXType.A.dylib
0x0000000007df2000 	/System/Library/Frameworks/OpenCL.framework/Versions/A/Libraries/libcldcpuengine.dylib
0x0000000007df2000 	/System/Library/PrivateFrameworks/DiskImages.framework/Versions/A/DiskImages
0x0000000007df2000 	/System/Library/Frameworks/DiscRecording.framework/Versions/A/DiscRecording
0x0000000007df2000 	/usr/lib/libcsfde.dylib
0x0000000007df2000 	/usr/lib/libcurl.4.dylib
0x0000000007df2000 	/System/Library/PrivateFrameworks/MediaKit.framework/Versions/A/MediaKit
0x0000000007df2000 	/System/Library/PrivateFrameworks/ProtectedCloudStorage.framework/Versions/A/ProtectedCloudStorage
0x0000000007df2000 	/usr/lib/libCoreStorage.dylib
0x0000000007df2000 	/System/Library/PrivateFrameworks/EFILogin.framework/Versions/A/EFILogin
0x0000000007df2000 	/usr/lib/libutil.dylib
0x0000000007df2000 	/System/Library/PrivateFrameworks/FindMyDevice.framework/Versions/A/FindMyDevice
0x0000000007df2000 	/System/Library/Frameworks/LDAP.framework/Versions/A/LDAP
0x0000000007df2000 	/usr/lib/libsasl2.2.dylib
0x00000001243cd000 	cl_kernels
0x00000001243cf000 	/System/Library/Frameworks/OpenCL.framework/Versions/A/Libraries/ImageFormats/unorm8_bgra.dylib
0x00000001243be000 	cl_kernels
0x0000000007df2000 	/System/Library/PrivateFrameworks/FamilyControls.framework/Versions/A/FamilyControls
0x0000000007df2000 	/System/Library/PrivateFrameworks/CommerceKit.framework/Versions/A/Frameworks/CommerceCore.framework/Versions/A/CommerceCore
0x0000000007df2000 	/System/Library/PrivateFrameworks/SystemAdministration.framework/Versions/A/SystemAdministration
0x0000000007df2000 	/System/Library/PrivateFrameworks/AppContainer.framework/Versions/A/AppContainer
0x0000000007df2000 	/System/Library/PrivateFrameworks/SecCodeWrapper.framework/Versions/A/SecCodeWrapper
0x0000000007df2000 	/System/Library/Frameworks/DirectoryService.framework/Versions/A/DirectoryService
0x0000000007df2000 	/System/Library/PrivateFrameworks/LoginUIKit.framework/Versions/A/Frameworks/LoginUICore.framework/Versions/A/LoginUICore
0x0000000007df2000 	/usr/lib/libodfde.dylib
0x00000001238e5000 	/Library/Java/JavaVirtualMachines/jdk1.7.0_51.jdk/Contents/Home/jre/lib/libnio.dylib
0x0000000007df2000 	/System/Library/Frameworks/OpenGL.framework/Versions/A/Resources/GLEngine.bundle/GLEngine
0x0000000007df2000 	/System/Library/Frameworks/OpenGL.framework/Versions/A/Libraries/libGLProgrammability.dylib
0x0000000000000000 	/System/Library/Extensions/AppleIntelHD5000GraphicsGLDriver.bundle/Contents/MacOS/AppleIntelHD5000GraphicsGLDriver
0x0000000007df2000 	/System/Library/PrivateFrameworks/IOAccelerator.framework/Versions/A/IOAccelerator
0x0000000007df2000 	/System/Library/PrivateFrameworks/GPUSupport.framework/Versions/A/Libraries/libGPUSupportMercury.dylib
0x0000000000000000 	/System/Library/Extensions/GeForceGLDriver.bundle/Contents/MacOS/GeForceGLDriver
0x0000000007df2000 	/System/Library/Extensions/GeForceGLDriver.bundle/Contents/MacOS/libclh.dylib
0x0000000007df2000 	/System/Library/Frameworks/OpenGL.framework/Versions/A/Resources/GLRendererFloat.bundle/GLRendererFloat
0x0000000126e09000 	/Library/Java/JavaVirtualMachines/jdk1.7.0_51.jdk/Contents/Home/jre/lib/libfontmanager.dylib

VM Arguments:
jvm_args: -Didea.launcher.port=7532 -Didea.launcher.bin.path=/Applications/IntelliJ IDEA 14 CE.app/Contents/bin -Dfile.encoding=UTF-8 
java_command: com.intellij.rt.execution.application.AppMain net.danielthompson.danray.Main
Launcher Type: SUN_STANDARD

Environment Variables:
PATH=/usr/local/bin:/usr/bin:/bin:/usr/sbin:/sbin:/opt/X11/bin
SHELL=/bin/bash
DISPLAY=/private/tmp/com.apple.launchd.QFtiS2ZZyG/org.macosforge.xquartz:0

Signal Handlers:
SIGSEGV: [libjvm.dylib+0x525425], sa_mask[0]=0xfffefeff, sa_flags=0x00000043
SIGBUS: [libjvm.dylib+0x525425], sa_mask[0]=0xfffefeff, sa_flags=0x00000042
SIGFPE: [libjvm.dylib+0x41892a], sa_mask[0]=0xfffefeff, sa_flags=0x00000042
SIGPIPE: [libjvm.dylib+0x41892a], sa_mask[0]=0xfffefeff, sa_flags=0x00000042
SIGXFSZ: [libjvm.dylib+0x41892a], sa_mask[0]=0xfffefeff, sa_flags=0x00000042
SIGILL: [libjvm.dylib+0x41892a], sa_mask[0]=0xfffefeff, sa_flags=0x00000042
SIGUSR1: SIG_DFL, sa_mask[0]=0x00000000, sa_flags=0x00000000
SIGUSR2: [libjvm.dylib+0x41841c], sa_mask[0]=0x00000004, sa_flags=0x00000042
SIGHUP: [libjvm.dylib+0x4166ab], sa_mask[0]=0xfffefeff, sa_flags=0x00000042
SIGINT: [libjvm.dylib+0x4166ab], sa_mask[0]=0xfffefeff, sa_flags=0x00000042
SIGTERM: [libjvm.dylib+0x4166ab], sa_mask[0]=0xfffefeff, sa_flags=0x00000042
SIGQUIT: [libjvm.dylib+0x4166ab], sa_mask[0]=0xfffefeff, sa_flags=0x00000042


---------------  S Y S T E M  ---------------

OS:Bsduname:Darwin 14.0.0 Darwin Kernel Version 14.0.0: Tue Sep 23 23:01:41 PDT 2014; root:xnu-2782.1.97~6/RELEASE_X86_64 x86_64
rlimit: STACK 8192k, CORE 0k, NPROC 709, NOFILE 10240, AS infinity
load average:10.20 9.86 9.82

CPU:total 8 (4 cores per cpu, 2 threads per core) family 6 model 70 stepping 1, cmov, cx8, fxsr, mmx, sse, sse2, sse3, ssse3, sse4.1, sse4.2, popcnt, avx, avx2, aes, erms, ht, tsc, tscinvbit

Memory: 4k page, physical 16777216k(4194304k free)

/proc/meminfo:


vm_info: Java HotSpot(TM) 64-Bit Server VM (24.51-b03) for bsd-amd64 JRE (1.7.0_51-b13), built on Dec 18 2013 18:45:56 by "java_re" with gcc 4.2.1 (Based on Apple Inc. build 5658) (LLVM build 2336.11.00)

time: Thu Jan 15 17:58:34 2015
elapsed time: 34815 seconds

